<?xml version="1.0" encoding="UTF-8"?>
<testsuite name="SizeDtoTest" tests="1" skipped="0" failures="0" errors="0" timestamp="2021-10-05T16:12:16" hostname="hothoonyui-MacBookPro.local" time="0.05">
  <properties/>
  <testcase name="test()" classname="SizeDtoTest" time="0.05"/>
  <system-out><![CDATA[]]></system-out>
  <system-err><![CDATA[]]></system-err>
</testsuite>
