<?xml version="1.0" encoding="UTF-8"?>
<testsuite name="_PastPresentFuture.PastTest" tests="3" skipped="0" failures="0" errors="0" timestamp="2021-10-05T16:12:16" hostname="hothoonyui-MacBookPro.local" time="0.14">
  <properties/>
  <testcase name="yesterday()" classname="_PastPresentFuture.PastTest" time="0.109"/>
  <testcase name="tomorrow()" classname="_PastPresentFuture.PastTest" time="0.016"/>
  <testcase name="today()" classname="_PastPresentFuture.PastTest" time="0.013"/>
  <system-out><![CDATA[pastPresentFutureDto = PastDto(localDate=2021-10-05)
pastPresentFutureDto = PastDto(localDate=2021-10-07)
과거 날짜여야 합니다
2021-10-07
pastPresentFutureDto = PastDto(localDate=2021-10-06)
과거 날짜여야 합니다
2021-10-06
]]></system-out>
  <system-err><![CDATA[]]></system-err>
</testsuite>
