<?xml version="1.0" encoding="UTF-8"?>
<testsuite name="NotBlankDtoTest" tests="1" skipped="0" failures="0" errors="0" timestamp="2021-10-05T09:02:12" hostname="ingpdev-iMac.local" time="0.011">
  <properties/>
  <testcase name="test()" classname="NotBlankDtoTest" time="0.011"/>
  <system-out><![CDATA[]]></system-out>
  <system-err><![CDATA[]]></system-err>
</testsuite>
